<?xml version="1.0" encoding="UTF-8"?>
<testsuite name="SimpleBankSystemTest" tests="1" skipped="0" failures="0" errors="0" timestamp="2022-04-03T03:33:28" hostname="MYCOMPUTER" time="0.465">
  <properties/>
  <testcase name="start" classname="SimpleBankSystemTest" time="0.465"/>
  <system-out><![CDATA[?[1;31m
Start test 1?[0m
Connection to database is completed

1. Create an account
2. Log into account
0. Exit
> 0

Bye!
?[1;31m
Start test 2?[0m
Connection to database is completed

1. Create an account
2. Log into account
0. Exit
> 0

Bye!
?[1;31m
Start test 3?[0m
Connection to database is completed

1. Create an account
2. Log into account
0. Exit
> 0

Bye!
?[1;31m
Start test 4?[0m
Connection to database is completed

1. Create an account
2. Log into account
0. Exit
> 0

Bye!
?[1;31m
Start test 5?[0m
Connection to database is completed

1. Create an account
2. Log into account
0. Exit
> 1

Your card has been created
Your card number:
4000004957656253
Your card PIN:
5967

1. Create an account
2. Log into account
0. Exit
> 1

Your card has been created
Your card number:
4000008218221484
Your card PIN:
9472

1. Create an account
2. Log into account
0. Exit
> 1

Your card has been created
Your card number:
4000003295661447
Your card PIN:
4321

1. Create an account
2. Log into account
0. Exit
> 1

Your card has been created
Your card number:
4000009127371337
Your card PIN:
2433

1. Create an account
2. Log into account
0. Exit
> 1

Your card has been created
Your card number:
4000006946996997
Your card PIN:
2746

1. Create an account
2. Log into account
0. Exit
> 0

Bye!
4000004957656253
4000008218221484
4000003295661447
4000009127371337
4000006946996997
?[1;31m
Start test 6?[0m
Connection to database is completed

1. Create an account
2. Log into account
0. Exit
> 1

Your card has been created
Your card number:
4000006727415688
Your card PIN:
8777

1. Create an account
2. Log into account
0. Exit
> 2

Enter your card number:
> 4000006727415688
Enter your PIN:
> 8777

You have successfully logged in!

1. Balance
2. Add income
3. Do transfer
4. Close account
5. Logout
0. Exit
> 0
Bye!
?[1;31m
Start test 7?[0m
Connection to database is completed

1. Create an account
2. Log into account
0. Exit
> 1

Your card has been created
Your card number:
4000001754472694
Your card PIN:
1457

1. Create an account
2. Log into account
0. Exit
> 2

Enter your card number:
> 4000001754472694
Enter your PIN:
> 3927
Wrong card number or PIN!

1. Create an account
2. Log into account
0. Exit
> 0

Bye!
?[1;31m
Start test 8?[0m
Connection to database is completed

1. Create an account
2. Log into account
0. Exit
> 1

Your card has been created
Your card number:
4000002854275375
Your card PIN:
1477

1. Create an account
2. Log into account
0. Exit
> 2

Enter your card number:
> 400000141056152
Wrong card number or PIN!

1. Create an account
2. Log into account
0. Exit
> 1477
Your choice is incorrect!

1. Create an account
2. Log into account
0. Exit
> 0

Bye!
?[1;31m
Start test 9?[0m
Connection to database is completed

1. Create an account
2. Log into account
0. Exit
> 1

Your card has been created
Your card number:
4000006616551239
Your card PIN:
2378

1. Create an account
2. Log into account
0. Exit
> 2

Enter your card number:
> 4000006616551239
Enter your PIN:
> 2378

You have successfully logged in!

1. Balance
2. Add income
3. Do transfer
4. Close account
5. Logout
0. Exit
> 1

Balance : 0

1. Balance
2. Add income
3. Do transfer
4. Close account
5. Logout
0. Exit
> 0
Bye!
?[1;31m
Start test 10?[0m
Connection to database is completed

1. Create an account
2. Log into account
0. Exit
> 1

Your card has been created
Your card number:
4000005329217328
Your card PIN:
4877

1. Create an account
2. Log into account
0. Exit
> 2

Enter your card number:
> 4000005329217328
Enter your PIN:
> 4877

You have successfully logged in!

1. Balance
2. Add income
3. Do transfer
4. Close account
5. Logout
0. Exit
> 2
Enter income:

> 10000
Income was added!
1. Balance
2. Add income
3. Do transfer
4. Close account
5. Logout
0. Exit
> 0
Bye!
Connection to database is completed

1. Create an account
2. Log into account
0. Exit
> 2

Enter your card number:
> 4000005329217328
Enter your PIN:
> 4877

You have successfully logged in!

1. Balance
2. Add income
3. Do transfer
4. Close account
5. Logout
0. Exit
> 2
Enter income:

> 15000
Income was added!
1. Balance
2. Add income
3. Do transfer
4. Close account
5. Logout
0. Exit
> 0
Bye!
?[1;31m
Start test 11?[0m
Connection to database is completed

1. Create an account
2. Log into account
0. Exit
> 1

Your card has been created
Your card number:
4000002271214130
Your card PIN:
9811

1. Create an account
2. Log into account
0. Exit
> 1

Your card has been created
Your card number:
4000005346646566
Your card PIN:
6492

1. Create an account
2. Log into account
0. Exit
> 2

Enter your card number:
> 4000005346646566
Enter your PIN:
> 6492

You have successfully logged in!

1. Balance
2. Add income
3. Do transfer
4. Close account
5. Logout
0. Exit
> 3

Transfer
Enter card number:
> 2000007269641764
Probably you made a mistake in the card number. Please try again!
1. Balance
2. Add income
3. Do transfer
4. Close account
5. Logout
0. Exit
> 3

Transfer
Enter card number:
> 2000007269641768
Such a card does not exist.
1. Balance
2. Add income
3. Do transfer
4. Close account
5. Logout
0. Exit
> 3

Transfer
Enter card number:
> 4000002271214130
Enter how much money you want to transfer:
> 100000
Not enough money!
1. Balance
2. Add income
3. Do transfer
4. Close account
5. Logout
0. Exit
> 2
Enter income:

> 20000
Income was added!
1. Balance
2. Add income
3. Do transfer
4. Close account
5. Logout
0. Exit
> 3

Transfer
Enter card number:
> 4000002271214130
Enter how much money you want to transfer:
> 10000
Success!
1. Balance
2. Add income
3. Do transfer
4. Close account
5. Logout
0. Exit
> 0
Bye!
?[1;31m
Start test 12?[0m
Connection to database is completed

1. Create an account
2. Log into account
0. Exit
> 1

Your card has been created
Your card number:
4000006749272745
Your card PIN:
1577

1. Create an account
2. Log into account
0. Exit
> 2

Enter your card number:
> 4000006749272745
Enter your PIN:
> 1577

You have successfully logged in!

1. Balance
2. Add income
3. Do transfer
4. Close account
5. Logout
0. Exit
> 4

The account has been closed!

1. Create an account
2. Log into account
0. Exit
> 0

Bye!
]]></system-out>
  <system-err><![CDATA[]]></system-err>
</testsuite>
